<?xml version="1.0" encoding="UTF-8"?>
<coverage generated="1532707924065" clover="3.2.0">
  <project timestamp="1532707924065" name="All files">
    <metrics statements="33" coveredstatements="33" conditionals="20" coveredconditionals="11" methods="15" coveredmethods="15" elements="68" coveredelements="59" complexity="0" loc="33" ncloc="33" packages="1" files="1" classes="1">
      <file name="ApiCore.js" path="/Users/harvestprofit/harvest-profit-api-core/src/ApiCore.js">
        <metrics statements="33" coveredstatements="33" conditionals="20" coveredconditionals="11" methods="15" coveredmethods="15"/>
        <line num="4" count="1" type="stmt"/>
        <line num="27" count="4" type="stmt"/>
        <line num="28" count="4" type="stmt"/>
        <line num="29" count="4" type="stmt"/>
        <line num="39" count="43" type="stmt"/>
        <line num="40" count="25" type="cond" truecount="1" falsecount="1"/>
        <line num="41" count="25" type="stmt"/>
        <line num="42" count="25" type="cond" truecount="3" falsecount="1"/>
        <line num="43" count="25" type="stmt"/>
        <line num="46" count="25" type="cond" truecount="6" falsecount="0"/>
        <line num="47" count="2" type="stmt"/>
        <line num="48" count="2" type="stmt"/>
        <line num="49" count="2" type="stmt"/>
        <line num="50" count="1" type="stmt"/>
        <line num="51" count="1" type="stmt"/>
        <line num="53" count="1" type="stmt"/>
        <line num="57" count="23" type="stmt"/>
        <line num="68" count="3" type="stmt"/>
        <line num="69" count="3" type="stmt"/>
        <line num="82" count="4" type="stmt"/>
        <line num="83" count="4" type="stmt"/>
        <line num="98" count="1" type="stmt"/>
        <line num="99" count="1" type="stmt"/>
        <line num="110" count="2" type="stmt"/>
        <line num="111" count="2" type="stmt"/>
        <line num="125" count="1" type="stmt"/>
        <line num="126" count="1" type="stmt"/>
        <line num="137" count="2" type="stmt"/>
        <line num="138" count="2" type="stmt"/>
        <line num="152" count="1" type="stmt"/>
        <line num="153" count="1" type="stmt"/>
        <line num="166" count="2" type="stmt"/>
        <line num="167" count="2" type="stmt"/>
      </file>
    </metrics>
  </project>
</coverage>
