{"/Users/harvestprofit/harvest-profit-api-core/src/ApiCore.js": {"path":"/Users/harvestprofit/harvest-profit-api-core/src/ApiCore.js","statementMap":{"0":{"start":{"line":4,"column":30},"end":{"line":4,"column":32}},"1":{"start":{"line":27,"column":4},"end":{"line":27,"column":23}},"2":{"start":{"line":28,"column":4},"end":{"line":28,"column":23}},"3":{"start":{"line":29,"column":4},"end":{"line":29,"column":44}},"4":{"start":{"line":39,"column":4},"end":{"line":58,"column":7}},"5":{"start":{"line":39,"column":48},"end":{"line":39,"column":56}},"6":{"start":{"line":40,"column":23},"end":{"line":40,"column":57}},"7":{"start":{"line":41,"column":25},"end":{"line":41,"column":26}},"8":{"start":{"line":42,"column":6},"end":{"line":44,"column":7}},"9":{"start":{"line":43,"column":8},"end":{"line":43,"column":45}},"10":{"start":{"line":46,"column":6},"end":{"line":56,"column":7}},"11":{"start":{"line":47,"column":8},"end":{"line":47,"column":40}},"12":{"start":{"line":48,"column":8},"end":{"line":55,"column":11}},"13":{"start":{"line":49,"column":10},"end":{"line":54,"column":13}},"14":{"start":{"line":50,"column":12},"end":{"line":50,"column":70}},"15":{"start":{"line":51,"column":12},"end":{"line":51,"column":44}},"16":{"start":{"line":53,"column":12},"end":{"line":53,"column":37}},"17":{"start":{"line":57,"column":6},"end":{"line":57,"column":35}},"18":{"start":{"line":68,"column":19},"end":{"line":68,"column":37}},"19":{"start":{"line":69,"column":4},"end":{"line":71,"column":7}},"20":{"start":{"line":82,"column":19},"end":{"line":82,"column":37}},"21":{"start":{"line":83,"column":4},"end":{"line":88,"column":7}},"22":{"start":{"line":98,"column":19},"end":{"line":98,"column":37}},"23":{"start":{"line":99,"column":4},"end":{"line":99,"column":36}},"24":{"start":{"line":110,"column":19},"end":{"line":110,"column":37}},"25":{"start":{"line":111,"column":4},"end":{"line":115,"column":7}},"26":{"start":{"line":125,"column":19},"end":{"line":125,"column":37}},"27":{"start":{"line":126,"column":4},"end":{"line":126,"column":35}},"28":{"start":{"line":137,"column":19},"end":{"line":137,"column":37}},"29":{"start":{"line":138,"column":4},"end":{"line":142,"column":7}},"30":{"start":{"line":152,"column":19},"end":{"line":152,"column":37}},"31":{"start":{"line":153,"column":4},"end":{"line":155,"column":7}},"32":{"start":{"line":166,"column":19},"end":{"line":166,"column":37}},"33":{"start":{"line":167,"column":4},"end":{"line":172,"column":7}}},"fnMap":{"0":{"name":"(anonymous_0)","decl":{"start":{"line":26,"column":2},"end":{"line":26,"column":3}},"loc":{"start":{"line":26,"column":26},"end":{"line":31,"column":3}},"line":26},"1":{"name":"(anonymous_1)","decl":{"start":{"line":38,"column":2},"end":{"line":38,"column":3}},"loc":{"start":{"line":38,"column":18},"end":{"line":59,"column":3}},"line":38},"2":{"name":"(anonymous_2)","decl":{"start":{"line":39,"column":36},"end":{"line":39,"column":37}},"loc":{"start":{"line":39,"column":48},"end":{"line":39,"column":56}},"line":39},"3":{"name":"(anonymous_3)","decl":{"start":{"line":39,"column":58},"end":{"line":39,"column":59}},"loc":{"start":{"line":39,"column":69},"end":{"line":58,"column":5}},"line":39},"4":{"name":"(anonymous_4)","decl":{"start":{"line":48,"column":27},"end":{"line":48,"column":28}},"loc":{"start":{"line":48,"column":48},"end":{"line":55,"column":9}},"line":48},"5":{"name":"(anonymous_5)","decl":{"start":{"line":49,"column":49},"end":{"line":49,"column":50}},"loc":{"start":{"line":49,"column":63},"end":{"line":52,"column":11}},"line":49},"6":{"name":"(anonymous_6)","decl":{"start":{"line":52,"column":19},"end":{"line":52,"column":20}},"loc":{"start":{"line":52,"column":34},"end":{"line":54,"column":11}},"line":52},"7":{"name":"(anonymous_7)","decl":{"start":{"line":67,"column":2},"end":{"line":67,"column":3}},"loc":{"start":{"line":67,"column":24},"end":{"line":72,"column":3}},"line":67},"8":{"name":"(anonymous_8)","decl":{"start":{"line":81,"column":2},"end":{"line":81,"column":3}},"loc":{"start":{"line":81,"column":37},"end":{"line":89,"column":3}},"line":81},"9":{"name":"(anonymous_9)","decl":{"start":{"line":97,"column":2},"end":{"line":97,"column":3}},"loc":{"start":{"line":97,"column":23},"end":{"line":100,"column":3}},"line":97},"10":{"name":"(anonymous_10)","decl":{"start":{"line":109,"column":2},"end":{"line":109,"column":3}},"loc":{"start":{"line":109,"column":36},"end":{"line":116,"column":3}},"line":109},"11":{"name":"(anonymous_11)","decl":{"start":{"line":124,"column":2},"end":{"line":124,"column":3}},"loc":{"start":{"line":124,"column":22},"end":{"line":127,"column":3}},"line":124},"12":{"name":"(anonymous_12)","decl":{"start":{"line":136,"column":2},"end":{"line":136,"column":3}},"loc":{"start":{"line":136,"column":35},"end":{"line":143,"column":3}},"line":136},"13":{"name":"(anonymous_13)","decl":{"start":{"line":151,"column":2},"end":{"line":151,"column":3}},"loc":{"start":{"line":151,"column":27},"end":{"line":156,"column":3}},"line":151},"14":{"name":"(anonymous_14)","decl":{"start":{"line":165,"column":2},"end":{"line":165,"column":3}},"loc":{"start":{"line":165,"column":40},"end":{"line":173,"column":3}},"line":165}},"branchMap":{"0":{"loc":{"start":{"line":40,"column":23},"end":{"line":40,"column":57}},"type":"cond-expr","locations":[{"start":{"line":40,"column":31},"end":{"line":40,"column":43}},{"start":{"line":40,"column":46},"end":{"line":40,"column":57}}],"line":40},"1":{"loc":{"start":{"line":42,"column":6},"end":{"line":44,"column":7}},"type":"if","locations":[{"start":{"line":42,"column":6},"end":{"line":44,"column":7}},{"start":{"line":42,"column":6},"end":{"line":44,"column":7}}],"line":42},"2":{"loc":{"start":{"line":42,"column":10},"end":{"line":42,"column":33}},"type":"binary-expr","locations":[{"start":{"line":42,"column":10},"end":{"line":42,"column":15}},{"start":{"line":42,"column":19},"end":{"line":42,"column":33}}],"line":42},"3":{"loc":{"start":{"line":46,"column":6},"end":{"line":56,"column":7}},"type":"if","locations":[{"start":{"line":46,"column":6},"end":{"line":56,"column":7}},{"start":{"line":46,"column":6},"end":{"line":56,"column":7}}],"line":46},"4":{"loc":{"start":{"line":46,"column":10},"end":{"line":46,"column":113}},"type":"binary-expr","locations":[{"start":{"line":46,"column":10},"end":{"line":46,"column":18}},{"start":{"line":46,"column":22},"end":{"line":46,"column":60}},{"start":{"line":46,"column":64},"end":{"line":46,"column":89}},{"start":{"line":46,"column":93},"end":{"line":46,"column":113}}],"line":46},"5":{"loc":{"start":{"line":67,"column":11},"end":{"line":67,"column":22}},"type":"default-arg","locations":[{"start":{"line":67,"column":20},"end":{"line":67,"column":22}}],"line":67},"6":{"loc":{"start":{"line":81,"column":24},"end":{"line":81,"column":35}},"type":"default-arg","locations":[{"start":{"line":81,"column":33},"end":{"line":81,"column":35}}],"line":81},"7":{"loc":{"start":{"line":97,"column":12},"end":{"line":97,"column":21}},"type":"default-arg","locations":[{"start":{"line":97,"column":19},"end":{"line":97,"column":21}}],"line":97},"8":{"loc":{"start":{"line":109,"column":25},"end":{"line":109,"column":34}},"type":"default-arg","locations":[{"start":{"line":109,"column":32},"end":{"line":109,"column":34}}],"line":109},"9":{"loc":{"start":{"line":124,"column":11},"end":{"line":124,"column":20}},"type":"default-arg","locations":[{"start":{"line":124,"column":18},"end":{"line":124,"column":20}}],"line":124},"10":{"loc":{"start":{"line":136,"column":24},"end":{"line":136,"column":33}},"type":"default-arg","locations":[{"start":{"line":136,"column":31},"end":{"line":136,"column":33}}],"line":136},"11":{"loc":{"start":{"line":151,"column":14},"end":{"line":151,"column":25}},"type":"default-arg","locations":[{"start":{"line":151,"column":23},"end":{"line":151,"column":25}}],"line":151},"12":{"loc":{"start":{"line":165,"column":27},"end":{"line":165,"column":38}},"type":"default-arg","locations":[{"start":{"line":165,"column":36},"end":{"line":165,"column":38}}],"line":165}},"s":{"0":1,"1":4,"2":4,"3":4,"4":4,"5":43,"6":25,"7":25,"8":25,"9":25,"10":25,"11":2,"12":2,"13":2,"14":1,"15":1,"16":1,"17":23,"18":3,"19":3,"20":4,"21":4,"22":1,"23":1,"24":2,"25":2,"26":1,"27":1,"28":2,"29":2,"30":1,"31":1,"32":2,"33":2},"f":{"0":4,"1":4,"2":43,"3":25,"4":2,"5":1,"6":1,"7":3,"8":4,"9":1,"10":2,"11":1,"12":2,"13":1,"14":2},"b":{"0":[25,0],"1":[25,0],"2":[25,25],"3":[2,23],"4":[25,25,18,18],"5":[0],"6":[2],"7":[0],"8":[0],"9":[0],"10":[0],"11":[0],"12":[0]},"_coverageSchema":"332fd63041d2c1bcb487cc26dd0d5f7d97098a6c","hash":"d67bf19e121fc3e98e5bb77f6f5992246a91406d"}
}
