TN:
SF:/Users/harvestprofit/harvest-profit-api-core/src/ApiCore.js
FN:26,(anonymous_0)
FN:38,(anonymous_1)
FN:39,(anonymous_2)
FN:39,(anonymous_3)
FN:48,(anonymous_4)
FN:49,(anonymous_5)
FN:52,(anonymous_6)
FN:67,(anonymous_7)
FN:81,(anonymous_8)
FN:97,(anonymous_9)
FN:109,(anonymous_10)
FN:124,(anonymous_11)
FN:136,(anonymous_12)
FN:151,(anonymous_13)
FN:165,(anonymous_14)
FNF:15
FNH:15
FNDA:4,(anonymous_0)
FNDA:4,(anonymous_1)
FNDA:43,(anonymous_2)
FNDA:25,(anonymous_3)
FNDA:2,(anonymous_4)
FNDA:1,(anonymous_5)
FNDA:1,(anonymous_6)
FNDA:3,(anonymous_7)
FNDA:4,(anonymous_8)
FNDA:1,(anonymous_9)
FNDA:2,(anonymous_10)
FNDA:1,(anonymous_11)
FNDA:2,(anonymous_12)
FNDA:1,(anonymous_13)
FNDA:2,(anonymous_14)
DA:4,1
DA:27,4
DA:28,4
DA:29,4
DA:39,43
DA:40,25
DA:41,25
DA:42,25
DA:43,25
DA:46,25
DA:47,2
DA:48,2
DA:49,2
DA:50,1
DA:51,1
DA:53,1
DA:57,23
DA:68,3
DA:69,3
DA:82,4
DA:83,4
DA:98,1
DA:99,1
DA:110,2
DA:111,2
DA:125,1
DA:126,1
DA:137,2
DA:138,2
DA:152,1
DA:153,1
DA:166,2
DA:167,2
LF:33
LH:33
BRDA:40,0,0,25
BRDA:40,0,1,0
BRDA:42,1,0,25
BRDA:42,1,1,0
BRDA:42,2,0,25
BRDA:42,2,1,25
BRDA:46,3,0,2
BRDA:46,3,1,23
BRDA:46,4,0,25
BRDA:46,4,1,25
BRDA:46,4,2,18
BRDA:46,4,3,18
BRDA:67,5,0,0
BRDA:81,6,0,2
BRDA:97,7,0,0
BRDA:109,8,0,0
BRDA:124,9,0,0
BRDA:136,10,0,0
BRDA:151,11,0,0
BRDA:165,12,0,0
BRF:20
BRH:11
end_of_record
